d:\study\game server programming\2018-gameserverprogramming\project\server - 복사본\simplegame\x64\debug\server.pch
d:\study\game server programming\2018-gameserverprogramming\project\server - 복사본\simplegame\x64\debug\vc141.pdb
d:\study\game server programming\2018-gameserverprogramming\project\server - 복사본\simplegame\x64\debug\vc141.idb
d:\study\game server programming\2018-gameserverprogramming\project\server - 복사본\simplegame\x64\debug\stdafx.obj
d:\study\game server programming\2018-gameserverprogramming\project\server - 복사본\simplegame\x64\debug\timer.obj
d:\study\game server programming\2018-gameserverprogramming\project\server - 복사본\simplegame\x64\debug\sound.obj
d:\study\game server programming\2018-gameserverprogramming\project\server - 복사본\simplegame\x64\debug\simplegame.obj
d:\study\game server programming\2018-gameserverprogramming\project\server - 복사본\simplegame\x64\debug\server.obj
d:\study\game server programming\2018-gameserverprogramming\project\server - 복사본\simplegame\x64\debug\scene.obj
d:\study\game server programming\2018-gameserverprogramming\project\server - 복사본\simplegame\x64\debug\renderer.obj
d:\study\game server programming\2018-gameserverprogramming\project\server - 복사본\simplegame\x64\debug\object.obj
d:\study\game server programming\2018-gameserverprogramming\project\server - 복사본\simplegame\x64\debug\mdump.obj
d:\study\game server programming\2018-gameserverprogramming\project\server - 복사본\simplegame\x64\debug\loadpng.obj
d:\study\game server programming\2018-gameserverprogramming\project\server - 복사본\x64\debug\server.exe
d:\study\game server programming\2018-gameserverprogramming\project\server - 복사본\x64\debug\server.ilk
d:\study\game server programming\2018-gameserverprogramming\project\server - 복사본\x64\debug\server.pdb
d:\study\game server programming\2018-gameserverprogramming\project\server - 복사본\simplegame\x64\debug\server.tlog\cl.command.1.tlog
d:\study\game server programming\2018-gameserverprogramming\project\server - 복사본\simplegame\x64\debug\server.tlog\cl.read.1.tlog
d:\study\game server programming\2018-gameserverprogramming\project\server - 복사본\simplegame\x64\debug\server.tlog\cl.write.1.tlog
d:\study\game server programming\2018-gameserverprogramming\project\server - 복사본\simplegame\x64\debug\server.tlog\link.command.1.tlog
d:\study\game server programming\2018-gameserverprogramming\project\server - 복사본\simplegame\x64\debug\server.tlog\link.read.1.tlog
d:\study\game server programming\2018-gameserverprogramming\project\server - 복사본\simplegame\x64\debug\server.tlog\link.write.1.tlog
